TN:
SF:/Applications/github/Typescript-Learning/src/engine.ts
FN:2,(anonymous_0)
FN:3,Engine
FN:5,(anonymous_2)
FNF:3
FNH:3
FNDA:1,(anonymous_0)
FNDA:1,Engine
FNDA:3,(anonymous_2)
DA:2,1
DA:5,1
DA:6,3
DA:7,3
DA:8,3
DA:12,1
LF:6
LH:6
BRF:0
BRH:0
end_of_record
TN:
SF:/Applications/github/Typescript-Learning/src/token.ts
FN:1,quote
FN:4,(anonymous_1)
FN:5,Token
FN:9,(anonymous_3)
FNF:4
FNH:4
FNDA:13,quote
FNDA:2,(anonymous_1)
FNDA:24,Token
FNDA:23,(anonymous_3)
DA:2,13
DA:4,2
DA:6,24
DA:7,24
DA:9,2
DA:10,23
DA:11,13
DA:13,10
DA:15,2
LF:9
LH:9
BRDA:10,0,0,13
BRDA:10,0,1,10
BRF:2
BRH:2
end_of_record
TN:
SF:/Applications/github/Typescript-Learning/src/tokenizer.ts
FN:4,(anonymous_0)
FN:5,Tokenizer
FN:7,(anonymous_2)
FNF:3
FNH:3
FNDA:2,(anonymous_0)
FNDA:2,Tokenizer
FNDA:6,(anonymous_2)
DA:2,2
DA:3,2
DA:4,2
DA:7,2
DA:8,6
DA:9,6
DA:10,6
DA:11,6
DA:12,1
DA:13,1
DA:15,5
DA:16,11
DA:17,11
DA:18,11
DA:19,11
DA:20,11
DA:21,1
DA:23,10
DA:24,10
DA:25,10
DA:27,4
DA:28,2
DA:30,4
DA:32,2
LF:24
LH:24
BRDA:11,0,0,1
BRDA:11,0,1,5
BRDA:20,1,0,1
BRDA:20,1,1,10
BRDA:27,2,0,2
BRDA:27,2,1,2
BRF:6
BRH:6
end_of_record
